2011-03-31 21:28:23,708 [4] WARN  Ц ёзер rh_creep сделал 1 прогнозов
2011-03-31 21:28:23,734 [4] WARN  Ц 1. 1:1<br />2. 1:0<br />3. 2:1<br />4. 1:2<br />5. 1:2<br />6. 3:0<br />7. 0:1<br />8. 1:1<p style='margin: 0.7em 0 0.2em 0'><font size='-2'>(<a href='http://community.livejournal.com/ru_football/7192133.html?replyto=423139141'>Reply to this</a>) </font></p>
2011-03-31 21:28:24,153 [4] WARN  Ц ёзер baddy_booy сделал 1 прогнозов
2011-03-31 21:28:24,153 [4] WARN  Ц 1. 1:1<br />2. 1:1<br />3. 2:1<br />4. 1:2<br />5. 1:2<br />6. 2:0<br />7. 1:1<br />8. 2:1<p style='margin: 0.7em 0 0.2em 0'><font size='-2'>(<a href='http://community.livejournal.com/ru_football/7192133.html?replyto=423139653'>Reply to this</a>) </font></p>
2011-03-31 21:28:24,245 [4] WARN  Ц ёзер simplegary сделал 1 прогнозов
2011-03-31 21:28:24,245 [4] WARN  Ц 1. 1:1<br />2. 1:1<br />3. 1:0<br />4. 0:0<br />5. 0:1<br />6. 2:0<br />7. 0:0<br />8. 0:1<p style='margin: 0.7em 0 0.2em 0'><font size='-2'>(<a href='http://community.livejournal.com/ru_football/7192133.html?replyto=423140421'>Reply to this</a>) </font></p>
2011-03-31 21:28:24,512 [4] WARN  Ц ёзер ereizer сделал 1 прогнозов
2011-03-31 21:28:24,512 [4] WARN  Ц 1. 0:2<br />2. 0:0<br />3. 2:1<br />4. 0:2<br />5. 1:2<br />6. 2:0<br />7. 1:2<br />8. 1:1<p style='margin: 0.7em 0 0.2em 0'><font size='-2'>(<a href='http://community.livejournal.com/ru_football/7192133.html?replyto=423140677'>Reply to this</a>) </font></p>
2011-03-31 21:28:24,519 [4] WARN  Ц ёзер e_xanax сделал 1 прогнозов
2011-03-31 21:28:24,519 [4] WARN  Ц 1. 0:2<br />2. 1:0<br />3. 1:3<br />4. 1:1<br />5. 1:2<br />6. 1:0<br />7. 0:0<br />8. 1:1 <p style='margin: 0.7em 0 0.2em 0'><font size='-2'>(<a href='http://community.livejournal.com/ru_football/7192133.html?replyto=423140933'>Reply to this</a>) </font></p>
2011-03-31 21:28:24,612 [4] WARN  Ц ёзер oktopuspaul сделал 1 прогнозов
2011-03-31 21:28:24,612 [4] WARN  Ц 1. 0:2<br />2. 1:0<br />3. 1:0<br />4. 0:2<br />5. 3:1<br />6. 2:0<br />7. 0:0<br />8. 0:0<p style='margin: 0.7em 0 0.2em 0'><font size='-2'>(<a href='http://community.livejournal.com/ru_football/7192133.html?replyto=423141189'>Reply to this</a>) </font></p>
2011-03-31 21:28:24,671 [4] WARN  Ц ёзер vladimirart сделал 1 прогнозов
2011-03-31 21:28:24,671 [4] WARN  Ц 1. 1:3<br />2. 2:1<br />3. 2:0<br />4. 0:2<br />5. 1:3<br />6. 2:0<br />7. 1:2<br />8. 1:1<p style='margin: 0.7em 0 0.2em 0'><font size='-2'>(<a href='http://community.livejournal.com/ru_football/7192133.html?replyto=423141445'>Reply to this</a>) </font></p>
2011-03-31 21:28:24,679 [4] WARN  Ц ёзер arsilnik сделал 1 прогнозов
2011-03-31 21:28:24,679 [4] WARN  Ц 1. 1:0<br />2. 1:0<br />3. 0:0<br />4. 1:1<br />5. 1:1<br />6. 3:1<br />7. 0:1<br />8. 2:0<p style='margin: 0.7em 0 0.2em 0'><font size='-2'>(<a href='http://community.livejournal.com/ru_football/7192133.html?replyto=423141701'>Reply to this</a>) </font></p>
2011-03-31 21:28:25,026 [4] WARN  Ц ёзер gataguk сделал 1 прогнозов
2011-03-31 21:28:25,026 [4] WARN  Ц 1. 0:1<br />2. 2:1<br />3. 1:0<br />4. 0:1<br />5. 1:1<br />6. 3:0<br />7. 0:1<br />8. 0:0<p style='margin: 0.7em 0 0.2em 0'><font size='-2'>(<a href='http://community.livejournal.com/ru_football/7192133.html?replyto=423142469'>Reply to this</a>) </font></p>
2011-03-31 21:28:25,101 [4] WARN  Ц ёзер _sun_sunych_ сделал 1 прогнозов
2011-03-31 21:28:25,101 [4] WARN  Ц 1. 2:1<br />2. 3:0<br />3. 2:2<br />4. 2:3<br />5. 0:1<br />6. 1:0<br />7. 1:1<br />8. 0:0<p style='margin: 0.7em 0 0.2em 0'><font size='-2'>(<a href='http://community.livejournal.com/ru_football/7192133.html?replyto=423142981'>Reply to this</a>) </font></p>
2011-03-31 21:28:25,414 [4] WARN  Ц ёзер ziobr сделал 1 прогнозов
2011-03-31 21:28:25,437 [4] WARN  Ц 1. 1:1<br />2. 2:0<br />3. 2:1<br />4. 0:1<br />5. 1:1<br />6. 1:0<br />7. 0:0<br />8. 1:1<p style='margin: 0.7em 0 0.2em 0'><font size='-2'>(<a href='http://community.livejournal.com/ru_football/7192133.html?replyto=423143749'>Reply to this</a>) </font></p>
2011-03-31 21:28:26,846 [4] WARN  Ц ёзер john_example сделал 1 прогнозов
2011-03-31 21:28:26,846 [4] WARN  Ц 1. 1:1<br />2. 0:1<br />3. 0:0<br />4. 0:1<br />5. 1:1<br />6. 1:0<br />7. 0:1<br />8. 0:1<p style='margin: 0.7em 0 0.2em 0'><font size='-2'>(<a href='http://community.livejournal.com/ru_football/7192133.html?replyto=423144005'>Reply to this</a>) </font></p>
2011-03-31 21:28:27,306 [4] WARN  Ц ёзер mozyr сделал 1 прогнозов
2011-03-31 21:28:27,306 [4] WARN  Ц 1. 1:2<br />2. 1:1<br />3. 1:1<br />4. 0:2<br />5. 1:0<br />6. 4:1<br />7. 0:0<br />8. 2:1<p style='margin: 0.7em 0 0.2em 0'><font size='-2'>(<a href='http://community.livejournal.com/ru_football/7192133.html?replyto=423148357'>Reply to this</a>) </font></p>
2011-03-31 21:28:27,586 [4] WARN  Ц ёзер kstasa сделал 1 прогнозов
2011-03-31 21:28:27,680 [4] WARN  Ц 1. 1:1<br />2. 2:0<br />3. 2:0<br />4. 1:3<br />5. 1:1<br />6. 3:0<br />7. 0:1<br />8. 2:0<p style='margin: 0.7em 0 0.2em 0'><font size='-2'>(<a href='http://community.livejournal.com/ru_football/7192133.html?replyto=423149893'>Reply to this</a>) </font></p>
2011-03-31 21:28:28,046 [4] WARN  Ц ёзер _kisel_ сделал 1 прогнозов
2011-03-31 21:28:28,046 [4] WARN  Ц 1. 0:0<br />2. 2:0<br />3. 0:1<br />4. 0:2<br />5. 0:1<br />6. 1:0<br />7. 0:1<br />8. 0:1<p style='margin: 0.7em 0 0.2em 0'><font size='-2'>(<a href='http://community.livejournal.com/ru_football/7192133.html?replyto=423151173'>Reply to this</a>) </font></p>
2011-03-31 21:28:28,220 [4] WARN  Ц ёзер dmitriy_sun сделал 1 прогнозов
2011-03-31 21:28:28,220 [4] WARN  Ц 1. 0:1<br />2. 1:0<br />3. 1:1<br />4. 0:1<br />5. 1:1<br />6. 2:1<br />7. 0:1<br />8. 0:2<p style='margin: 0.7em 0 0.2em 0'><font size='-2'>(<a href='http://community.livejournal.com/ru_football/7192133.html?replyto=423151685'>Reply to this</a>) </font></p>
2011-03-31 21:28:28,421 [4] WARN  Ц ёзер isvlasov сделал 1 прогнозов
2011-03-31 21:28:28,421 [4] WARN  Ц 1. 1:2<br />2. 0:0<br />3. 1:1<br />4. 1:2<br />5. 1:3<br />6. 3:0<br />7. 0:0<br />8. 0:0<p style='margin: 0.7em 0 0.2em 0'><font size='-2'>(<a href='http://community.livejournal.com/ru_football/7192133.html?replyto=423154501'>Reply to this</a>) </font></p>
2011-03-31 21:28:28,658 [4] WARN  Ц ёзер el_mal_grande сделал 1 прогнозов
2011-03-31 21:28:28,658 [4] WARN  Ц 1. 2:1<br />2. 2:0<br />3. 3:1<br />4. 1:2<br />5. 0:2<br />6. 3:0<br />7. 1:1<br />8. 1:2<p style='margin: 0.7em 0 0.2em 0'><font size='-2'>(<a href='http://community.livejournal.com/ru_football/7192133.html?replyto=423155781'>Reply to this</a>) </font></p>
2011-03-31 21:28:28,844 [4] WARN  Ц ёзер lacoste74 сделал 1 прогнозов
2011-03-31 21:28:28,844 [4] WARN  Ц 1. 2:2<br />2. 1:0<br />3. 2:1<br />4. 1:2<br />5. 0:2<br />6. 3:0<br />7. 0:1<br />8. 0:0<p style='margin: 0.7em 0 0.2em 0'><font size='-2'>(<a href='http://community.livejournal.com/ru_football/7192133.html?replyto=423157061'>Reply to this</a>) </font></p>
2011-03-31 21:28:28,908 [4] WARN  Ц ёзер olegze сделал 1 прогнозов
2011-03-31 21:28:28,908 [4] WARN  Ц 1. 0:0<br />2. 0:1<br />3. 2:1<br />4. 0:1<br />5. 1:3<br />6. 3:0<br />7. 1:2<br />8. 1:2<p style='margin: 0.7em 0 0.2em 0'><font size='-2'>(<a href='http://community.livejournal.com/ru_football/7192133.html?replyto=423157317'>Reply to this</a>) </font></p>
2011-03-31 21:28:29,029 [4] WARN  Ц ёзер hedinvairendil сделал 1 прогнозов
2011-03-31 21:28:29,029 [4] WARN  Ц 1. 0:0<br />2. 1:1<br />3. 1:1<br />4. 1:2<br />5. 1:2<br />6. 2:0<br />7. 1:2<br />8. 1:0<p style='margin: 0.7em 0 0.2em 0'><font size='-2'>(<a href='http://community.livejournal.com/ru_football/7192133.html?replyto=423159621'>Reply to this</a>) </font></p>
2011-03-31 21:28:29,190 [4] WARN  Ц ёзер 151151 сделал 1 прогнозов
2011-03-31 21:28:29,202 [4] WARN  Ц 1. 2:1<br />2. 1:1<br />3. 1:0<br />4. 1:2<br />5. 1:1<br />6. 3:0<br />7. 1:2<br />8. 1:1<p style='margin: 0.7em 0 0.2em 0'><font size='-2'>(<a href='http://community.livejournal.com/ru_football/7192133.html?replyto=423162181'>Reply to this</a>) </font></p>
2011-03-31 21:28:29,403 [4] WARN  Ц ёзер vasgen_gorapost сделал 1 прогнозов
2011-03-31 21:28:29,403 [4] WARN  Ц 1. 1:0<br />2. 0:1<br />3. 1:1<br />4. 0:2<br />5. 0:0<br />6. 2:0<br />7. 0:1<br />8. 1:0<br /><p style='margin: 0.7em 0 0.2em 0'><font size='-2'>(<a href='http://community.livejournal.com/ru_football/7192133.html?replyto=423164229'>Reply to this</a>) </font></p>
2011-03-31 21:28:29,506 [4] WARN  Ц ёзер loh_ma сделал 1 прогнозов
2011-03-31 21:28:29,507 [4] WARN  Ц 1. 0:1<br />2. 1:0<br />3. 1:1<br />4. 0:2<br />5. 0:2<br />6. 2:0<br />7. 1:2<br />8. 1:0<p style='margin: 0.7em 0 0.2em 0'><font size='-2'>(<a href='http://community.livejournal.com/ru_football/7192133.html?replyto=423164997'>Reply to this</a>) </font></p>
2011-03-31 21:28:29,651 [4] WARN  Ц ёзер moscow_saint сделал 1 прогнозов
2011-03-31 21:28:29,651 [4] WARN  Ц 1. 1:2<br />2. 1:0<br />3. 2:0<br />4. 0:1<br />5. 2:1<br />6. 1:0<br />7. 0:0<br />8. 1:1<p style='margin: 0.7em 0 0.2em 0'><font size='-2'>(<a href='http://community.livejournal.com/ru_football/7192133.html?replyto=423167045'>Reply to this</a>) </font></p>
2011-03-31 21:29:22,425 [4] ERROR Ц ќшибка 
System.Web.HttpException (0x80004005): File does not exist.
   at System.Web.StaticFileHandler.GetFileInfo(String virtualPathWithPathInfo, String physicalPath, HttpResponse response)
   at System.Web.StaticFileHandler.ProcessRequestInternal(HttpContext context, String overrideVirtualPath)
   at System.Web.DefaultHttpHandler.BeginProcessRequest(HttpContext context, AsyncCallback callback, Object state)
   at System.Web.HttpApplication.CallHandlerExecutionStep.System.Web.HttpApplication.IExecutionStep.Execute()
   at System.Web.HttpApplication.ExecuteStep(IExecutionStep step, Boolean& completedSynchronously)
